📅 2026-03-14 每日任务生成完成：
  • 完善工作流程自动化脚本
    优化现有自动化工具，减少手动操作，提高效率

  • 起草一篇符合HKR理论的AI主题公众号/小红书文案
    按照HKR方法论创作一篇文案初稿，测试内容方法论

  • 分析前一天发表的文章数据和总结
    看阅读、点赞、涨粉数据，总结经验教训，优化下一篇内容

  • 学习英语，练习AI专业词汇
    保持每日英语练习，积累AI领域专业英文词汇

✅ 任务已保存到: /home/node/.openclaw/workspace/logs/daily-tasks-2026-03-14.json
📅 2026-03-14 每日任务生成完成：
  • 构思AI产品新功能
    根据用户反馈，构思产品新功能，完善产品 roadmap

  • 完善工作流程自动化脚本
    优化现有自动化工具，减少手动操作，提高效率

  • 起草一篇符合HKR理论的AI主题公众号/小红书文案
    按照HKR方法论创作一篇文案初稿，测试内容方法论

  • 根据热门话题起草视频脚本
    选一个热门话题，写出适合抖音/小红书的视频脚本

✅ 任务已保存到: /home/node/.openclaw/workspace/logs/daily-tasks-2026-03-14.json
📅 2026-03-14 每日任务生成完成：
  • 分析AI领域X个头部科技博主内容风格
    研究竞争对手，总结值得借鉴的涨粉经验和内容方向

  • 起草一篇符合HKR理论的AI主题公众号/小红书文案
    按照HKR方法论创作一篇文案初稿，测试内容方法论

  • 构思AI产品新功能
    根据用户反馈，构思产品新功能，完善产品 roadmap

  • 完善工作流程自动化脚本
    优化现有自动化工具，减少手动操作，提高效率

✅ 任务已保存到: /home/node/.openclaw/workspace/logs/daily-tasks-2026-03-14.json
📅 2026-03-14 每日任务生成完成：
  • 分析AI领域X个头部科技博主内容风格
    研究竞争对手，总结值得借鉴的涨粉经验和内容方向

  • 读AI领域书籍，整理读书笔记
    完成每月读书计划，整理有用知识点沉淀到知识库

  • 梳理AI领域本周热门内容话题
    通过搜索找到AI领域当前热门话题，筛选适合自媒体创作的主题

  • 起草一篇符合HKR理论的AI主题公众号/小红书文案
    按照HKR方法论创作一篇文案初稿，测试内容方法论

✅ 任务已保存到: /home/node/.openclaw/workspace/logs/daily-tasks-2026-03-14.json
📅 2026-03-17 每日任务生成完成：
  • 学习英语，练习AI专业词汇
    保持每日英语练习，积累AI领域专业英文词汇

  • 分析AI领域X个头部科技博主内容风格
    研究竞争对手，总结值得借鉴的涨粉经验和内容方向

  • 回复粉丝评论和私信
    回复粉丝问题，建立连接，收集用户需求

  • 完善工作流程自动化脚本
    优化现有自动化工具，减少手动操作，提高效率

✅ 任务已保存到: /home/node/.openclaw/workspace/logs/daily-tasks-2026-03-17.json
